<?xml version="1.0" encoding="UTF-8"?>
<!-- Generated by org.testng.reporters.JUnitReportReporter -->
<testsuite hostname="Amit" failures="0" tests="13" name="QualitykioskTraining.AccountSystemAPI.TestAccount" time="0.049" errors="0" timestamp="2021-04-23T15:14:37 IST" skipped="0">
  <testcase classname="QualitykioskTraining.AccountSystemAPI.TestAccount" name="TestDepositeAmount" time="0.016"/>
  <system-out/>
  <testcase classname="QualitykioskTraining.AccountSystemAPI.TestAccount" name="TestDepositeAmountWithNegativeAmount" time="0.002"/>
  <system-out/>
  <testcase classname="QualitykioskTraining.AccountSystemAPI.TestAccount" name="TestDepositeAmount1" time="0.002"/>
  <system-out/>
  <testcase classname="QualitykioskTraining.AccountSystemAPI.TestAccount" name="TestSavingAccountType" time="0.004"/>
  <system-out/>
  <testcase classname="QualitykioskTraining.AccountSystemAPI.TestAccount" name="TestSalaryAccountType" time="0.005"/>
  <system-out/>
  <testcase classname="QualitykioskTraining.AccountSystemAPI.TestAccount" name="TestGetBalanceWithInitialBalance" time="0.002"/>
  <system-out/>
  <testcase classname="QualitykioskTraining.AccountSystemAPI.TestAccount" name="TestWithdrawAmount" time="0.003"/>
  <system-out/>
  <testcase classname="QualitykioskTraining.AccountSystemAPI.TestAccount" name="TestDataDrivenTest" time="0.002"/>
  <system-out/>
  <testcase classname="QualitykioskTraining.AccountSystemAPI.TestAccount" name="TestDataDrivenTest" time="0.003"/>
  <system-out/>
  <testcase classname="QualitykioskTraining.AccountSystemAPI.TestAccount" name="TestDataDrivenTest" time="0.001"/>
  <system-out/>
  <testcase classname="QualitykioskTraining.AccountSystemAPI.TestAccount" name="TestWithdrawAmountWithZeroBalance" time="0.002"/>
  <system-out/>
  <testcase classname="QualitykioskTraining.AccountSystemAPI.TestAccount" name="TestWithdrawAmountWithZNegativeAmount" time="0.002"/>
  <system-out/>
  <testcase classname="QualitykioskTraining.AccountSystemAPI.TestAccount" name="TestEarnInterest" time="0.005"/>
  <system-out/>
</testsuite> <!-- QualitykioskTraining.AccountSystemAPI.TestAccount -->
